<?xml version="1.0" encoding="UTF-8"?>
<!-- Generated by org.testng.reporters.JUnitReportReporter -->
<testsuite skipped="0" hostname="ADMIN-PC" name="cucumberOptions.TestRunner" tests="1" failures="0" timestamp="28 Mar 2021 22:27:44 GMT" time="50.358" errors="0">
  <testcase name="feature" time="50.358" classname="cucumberOptions.TestRunner"/>
</testsuite> <!-- cucumberOptions.TestRunner -->
