<?xml version="1.0" encoding="UTF-8"?>
<!-- Generated by org.testng.reporters.JUnitReportReporter -->
<testsuite skipped="0" hostname="ADMIN-PC" name="com.cucumberOptions.Girish.TestRunner" tests="2" failures="0" timestamp="29 Mar 2021 00:01:05 GMT" time="69.335" errors="0">
  <testcase name="feature" time="45.856" classname="com.cucumberOptions.Girish.TestRunner"/>
  <testcase name="feature" time="23.479" classname="com.cucumberOptions.Girish.TestRunner"/>
</testsuite> <!-- com.cucumberOptions.Girish.TestRunner -->
