<?xml version="1.0" encoding="UTF-8"?>
<!-- Generated by org.testng.reporters.JUnitReportReporter -->
<testsuite skipped="0" hostname="ADMIN-PC" name="com.cucumberOptions.Girish.TestRunner_Tc2" tests="1" failures="0" timestamp="28 Mar 2021 23:16:48 GMT" time="21.590" errors="0">
  <testcase name="feature" time="21.590" classname="com.cucumberOptions.Girish.TestRunner_Tc2"/>
</testsuite> <!-- com.cucumberOptions.Girish.TestRunner_Tc2 -->
